{"name":"testNavigationPage","status":"failed","statusDetails":{"known":false,"muted":false,"flaky":false,"message":"Element not found {By.name: url/option[value:Books]}\r\nExpected: exist\r\nTimeout: 4 s.\r\nCaused by: NoSuchElementException: Cannot locate option with value: Books","trace":"Element not found {By.name: url/option[value:Books]}\r\nExpected: exist\r\nTimeout: 4 s.\r\nCaused by: NoSuchElementException: Cannot locate option with value: Books\r\n\tat com.codeborne.selenide.commands.SelectOptionByValue.selectOptionByValue(SelectOptionByValue.java:42)\r\n\tat com.codeborne.selenide.commands.SelectOptionByValue.execute(SelectOptionByValue.java:31)\r\n\tat com.codeborne.selenide.commands.SelectOptionByValue.execute(SelectOptionByValue.java:15)\r\n\tat com.codeborne.selenide.commands.Commands.execute(Commands.java:155)\r\n\tat com.codeborne.selenide.impl.SelenideElementProxy.dispatchAndRetry(SelenideElementProxy.java:133)\r\n\tat com.codeborne.selenide.impl.SelenideElementProxy.invoke(SelenideElementProxy.java:85)\r\n\tat jdk.proxy2/jdk.proxy2.$Proxy17.selectOptionByValue(Unknown Source)\r\n\tat pages.NavigationPage.goToBooks(NavigationPage.java:23)\r\n\tat TestTest.testNavigationPage(TestTest.java:16)\r\n\tat java.base/jdk.internal.reflect.NativeMethodAccessorImpl.invoke0(Native Method)\r\n\tat java.base/jdk.internal.reflect.NativeMethodAccessorImpl.invoke(NativeMethodAccessorImpl.java:78)\r\n\tat java.base/jdk.internal.reflect.DelegatingMethodAccessorImpl.invoke(DelegatingMethodAccessorImpl.java:43)\r\n\tat java.base/java.lang.reflect.Method.invoke(Method.java:567)\r\n\tat org.testng.internal.MethodInvocationHelper.invokeMethod(MethodInvocationHelper.java:133)\r\n\tat org.testng.internal.TestInvoker.invokeMethod(TestInvoker.java:598)\r\n\tat org.testng.internal.TestInvoker.invokeTestMethod(TestInvoker.java:173)\r\n\tat org.testng.internal.MethodRunner.runInSequence(MethodRunner.java:46)\r\n\tat org.testng.internal.TestInvoker$MethodInvocationAgent.invoke(TestInvoker.java:824)\r\n\tat org.testng.internal.TestInvoker.invokeTestMethods(TestInvoker.java:146)\r\n\tat org.testng.internal.TestMethodWorker.invokeTestMethods(TestMethodWorker.java:146)\r\n\tat org.testng.internal.TestMethodWorker.run(TestMethodWorker.java:128)\r\n\tat java.base/java.util.ArrayList.forEach(ArrayList.java:1511)\r\n\tat org.testng.TestRunner.privateRun(TestRunner.java:794)\r\n\tat org.testng.TestRunner.run(TestRunner.java:596)\r\n\tat org.testng.SuiteRunner.runTest(SuiteRunner.java:377)\r\n\tat org.testng.SuiteRunner.runSequentially(SuiteRunner.java:371)\r\n\tat org.testng.SuiteRunner.privateRun(SuiteRunner.java:332)\r\n\tat org.testng.SuiteRunner.run(SuiteRunner.java:276)\r\n\tat org.testng.SuiteRunnerWorker.runSuite(SuiteRunnerWorker.java:53)\r\n\tat org.testng.SuiteRunnerWorker.run(SuiteRunnerWorker.java:96)\r\n\tat org.testng.TestNG.runSuitesSequentially(TestNG.java:1212)\r\n\tat org.testng.TestNG.runSuitesLocally(TestNG.java:1134)\r\n\tat org.testng.TestNG.runSuites(TestNG.java:1063)\r\n\tat org.testng.TestNG.run(TestNG.java:1031)\r\n\tat com.intellij.rt.testng.IDEARemoteTestNG.run(IDEARemoteTestNG.java:66)\r\n\tat com.intellij.rt.testng.RemoteTestNGStarter.main(RemoteTestNGStarter.java:109)\r\nCaused by: org.openqa.selenium.NoSuchElementException: Cannot locate option with value: Books\nFor documentation on this error, please visit: https://www.seleniumhq.org/exceptions/no_such_element.html\nBuild info: version: '3.141.59', revision: 'e82be7d358', time: '2018-11-14T08:17:03'\nSystem info: host: 'DESKTOP-3N0N1G4', ip: '172.25.32.1', os.name: 'Windows 10', os.arch: 'amd64', os.version: '10.0', java.version: '16.0.2'\nDriver info: driver.version: unknown\r\n\tat org.openqa.selenium.support.ui.Select.findOptionsByValue(Select.java:283)\r\n\tat org.openqa.selenium.support.ui.Select.selectByValue(Select.java:186)\r\n\tat com.codeborne.selenide.commands.SelectOptionByValue.selectOptionByValue(SelectOptionByValue.java:39)\r\n\t... 35 more\r\n"},"stage":"finished","steps":[{"name":"Wait for element's visibility: By.xpath: //title","status":"passed","stage":"finished","steps":[],"attachments":[],"parameters":[],"start":1632996831828,"stop":1632996831828}],"attachments":[],"parameters":[],"start":1632996831820,"stop":1632996836041,"uuid":"3056922d-6e64-4e3c-97eb-aabbfb1f32f7","historyId":"1f9679c1167b09758d9ae0ba00ed82c7","fullName":"TestTest.testNavigationPage","labels":[{"name":"package","value":"TestTest"},{"name":"testClass","value":"TestTest"},{"name":"testMethod","value":"testNavigationPage"},{"name":"parentSuite","value":"Default Suite"},{"name":"suite","value":"AmazonSelenoid"},{"name":"subSuite","value":"TestTest"},{"name":"host","value":"DESKTOP-3N0N1G4"},{"name":"thread","value":"11352@DESKTOP-3N0N1G4.main(1)"},{"name":"framework","value":"testng"},{"name":"language","value":"java"}],"links":[]}